<?xml version="1.0" encoding="UTF-8"?>
<testsuite xmlns:xsi="http://www.w3.org/2001/XMLSchema-instance" xsi:noNamespaceSchemaLocation="https://maven.apache.org/surefire/maven-surefire-plugin/xsd/surefire-test-report.xsd" name="api.TestParallel" time="2.444" tests="1" errors="0" skipped="0" failures="0">
  <properties>
    <property name="gopherProxySet" value="false"/>
    <property name="awt.toolkit" value="sun.lwawt.macosx.LWCToolkit"/>
    <property name="file.encoding.pkg" value="sun.io"/>
    <property name="java.specification.version" value="1.8"/>
    <property name="sun.cpu.isalist" value=""/>
    <property name="sun.jnu.encoding" value="UTF-8"/>
    <property name="java.class.path" value="/Users/nijataliyev/eclipse-workspace/karate-api-testing/target/test-classes:/Users/nijataliyev/eclipse-workspace/karate-api-testing/target/classes:/Users/nijataliyev/.m2/repository/com/intuit/karate/karate-apache/0.9.4/karate-apache-0.9.4.jar:/Users/nijataliyev/.m2/repository/com/intuit/karate/karate-core/0.9.4/karate-core-0.9.4.jar:/Users/nijataliyev/.m2/repository/com/jayway/jsonpath/json-path/2.1.0/json-path-2.1.0.jar:/Users/nijataliyev/.m2/repository/net/minidev/json-smart/2.2/json-smart-2.2.jar:/Users/nijataliyev/.m2/repository/net/minidev/accessors-smart/1.1/accessors-smart-1.1.jar:/Users/nijataliyev/.m2/repository/org/ow2/asm/asm/5.0.3/asm-5.0.3.jar:/Users/nijataliyev/.m2/repository/info/cukes/cucumber-java/1.2.5/cucumber-java-1.2.5.jar:/Users/nijataliyev/.m2/repository/info/cukes/cucumber-core/1.2.5/cucumber-core-1.2.5.jar:/Users/nijataliyev/.m2/repository/org/yaml/snakeyaml/1.24/snakeyaml-1.24.jar:/Users/nijataliyev/.m2/repository/de/siegmar/fastcsv/1.0.3/fastcsv-1.0.3.jar:/Users/nijataliyev/.m2/repository/info/picocli/picocli/3.0.1/picocli-3.0.1.jar:/Users/nijataliyev/.m2/repository/org/apache/httpcomponents/httpclient/4.5.5/httpclient-4.5.5.jar:/Users/nijataliyev/.m2/repository/org/apache/httpcomponents/httpcore/4.4.9/httpcore-4.4.9.jar:/Users/nijataliyev/.m2/repository/commons-codec/commons-codec/1.10/commons-codec-1.10.jar:/Users/nijataliyev/.m2/repository/org/apache/httpcomponents/httpmime/4.5.5/httpmime-4.5.5.jar:/Users/nijataliyev/.m2/repository/org/slf4j/jcl-over-slf4j/1.7.25/jcl-over-slf4j-1.7.25.jar:/Users/nijataliyev/.m2/repository/org/slf4j/slf4j-api/1.7.25/slf4j-api-1.7.25.jar:/Users/nijataliyev/.m2/repository/ch/qos/logback/logback-classic/1.2.3/logback-classic-1.2.3.jar:/Users/nijataliyev/.m2/repository/ch/qos/logback/logback-core/1.2.3/logback-core-1.2.3.jar:/Users/nijataliyev/.m2/repository/com/intuit/karate/karate-junit4/0.9.4/karate-junit4-0.9.4.jar:/Users/nijataliyev/.m2/repository/junit/junit/4.12/junit-4.12.jar:/Users/nijataliyev/.m2/repository/org/hamcrest/hamcrest-core/1.3/hamcrest-core-1.3.jar:/Users/nijataliyev/.m2/repository/org/postgresql/postgresql/42.2.5/postgresql-42.2.5.jar:/Users/nijataliyev/.m2/repository/com/h2database/h2/1.4.196/h2-1.4.196.jar:/Users/nijataliyev/.m2/repository/net/masterthought/cucumber-reporting/5.0.1/cucumber-reporting-5.0.1.jar:/Users/nijataliyev/.m2/repository/com/fasterxml/jackson/core/jackson-databind/2.10.1/jackson-databind-2.10.1.jar:/Users/nijataliyev/.m2/repository/com/fasterxml/jackson/core/jackson-annotations/2.10.1/jackson-annotations-2.10.1.jar:/Users/nijataliyev/.m2/repository/com/fasterxml/jackson/core/jackson-core/2.10.1/jackson-core-2.10.1.jar:/Users/nijataliyev/.m2/repository/com/fasterxml/jackson/datatype/jackson-datatype-jsr310/2.10.1/jackson-datatype-jsr310-2.10.1.jar:/Users/nijataliyev/.m2/repository/org/apache/velocity/velocity-engine-core/2.1/velocity-engine-core-2.1.jar:/Users/nijataliyev/.m2/repository/commons-collections/commons-collections/3.2.2/commons-collections-3.2.2.jar:/Users/nijataliyev/.m2/repository/joda-time/joda-time/2.10.2/joda-time-2.10.2.jar:/Users/nijataliyev/.m2/repository/org/apache/commons/commons-lang3/3.9/commons-lang3-3.9.jar:/Users/nijataliyev/.m2/repository/commons-io/commons-io/2.6/commons-io-2.6.jar:/Users/nijataliyev/.m2/repository/org/codehaus/plexus/plexus-utils/3.2.0/plexus-utils-3.2.0.jar:/Users/nijataliyev/.m2/repository/org/jsoup/jsoup/1.12.1/jsoup-1.12.1.jar:/Users/nijataliyev/.m2/repository/com/googlecode/owasp-java-html-sanitizer/owasp-java-html-sanitizer/20190610.1/owasp-java-html-sanitizer-20190610.1.jar:/Users/nijataliyev/.m2/repository/com/google/guava/guava/27.1-jre/guava-27.1-jre.jar:/Users/nijataliyev/.m2/repository/com/google/guava/failureaccess/1.0.1/failureaccess-1.0.1.jar:/Users/nijataliyev/.m2/repository/com/google/guava/listenablefuture/9999.0-empty-to-avoid-conflict-with-guava/listenablefuture-9999.0-empty-to-avoid-conflict-with-guava.jar:/Users/nijataliyev/.m2/repository/com/google/code/findbugs/jsr305/3.0.2/jsr305-3.0.2.jar:/Users/nijataliyev/.m2/repository/org/checkerframework/checker-qual/2.5.2/checker-qual-2.5.2.jar:/Users/nijataliyev/.m2/repository/com/google/errorprone/error_prone_annotations/2.2.0/error_prone_annotations-2.2.0.jar:/Users/nijataliyev/.m2/repository/com/google/j2objc/j2objc-annotations/1.1/j2objc-annotations-1.1.jar:/Users/nijataliyev/.m2/repository/org/codehaus/mojo/animal-sniffer-annotations/1.17/animal-sniffer-annotations-1.17.jar:/Users/nijataliyev/.m2/repository/commons-configuration/commons-configuration/1.10/commons-configuration-1.10.jar:/Users/nijataliyev/.m2/repository/commons-lang/commons-lang/2.6/commons-lang-2.6.jar:/Users/nijataliyev/.m2/repository/commons-logging/commons-logging/1.1.1/commons-logging-1.1.1.jar:"/>
    <property name="java.vm.vendor" value="Oracle Corporation"/>
    <property name="sun.arch.data.model" value="64"/>
    <property name="java.vendor.url" value="http://java.oracle.com/"/>
    <property name="user.timezone" value=""/>
    <property name="java.vm.specification.version" value="1.8"/>
    <property name="os.name" value="Mac OS X"/>
    <property name="user.country" value="US"/>
    <property name="sun.java.launcher" value="SUN_STANDARD"/>
    <property name="sun.boot.library.path" value="/Library/Java/JavaVirtualMachines/jdk1.8.0_181.jdk/Contents/Home/jre/lib"/>
    <property name="sun.java.command" value="/Users/nijataliyev/eclipse-workspace/karate-api-testing/target/surefire/surefirebooter8218299982370404489.jar /Users/nijataliyev/eclipse-workspace/karate-api-testing/target/surefire 2020-01-04T20-43-33_484-jvmRun1 surefire1821074769084471235tmp surefire_03072574248415459734tmp"/>
    <property name="http.nonProxyHosts" value="local|*.local|169.254/16|*.169.254/16"/>
    <property name="surefire.test.class.path" value="/Users/nijataliyev/eclipse-workspace/karate-api-testing/target/test-classes:/Users/nijataliyev/eclipse-workspace/karate-api-testing/target/classes:/Users/nijataliyev/.m2/repository/com/intuit/karate/karate-apache/0.9.4/karate-apache-0.9.4.jar:/Users/nijataliyev/.m2/repository/com/intuit/karate/karate-core/0.9.4/karate-core-0.9.4.jar:/Users/nijataliyev/.m2/repository/com/jayway/jsonpath/json-path/2.1.0/json-path-2.1.0.jar:/Users/nijataliyev/.m2/repository/net/minidev/json-smart/2.2/json-smart-2.2.jar:/Users/nijataliyev/.m2/repository/net/minidev/accessors-smart/1.1/accessors-smart-1.1.jar:/Users/nijataliyev/.m2/repository/org/ow2/asm/asm/5.0.3/asm-5.0.3.jar:/Users/nijataliyev/.m2/repository/info/cukes/cucumber-java/1.2.5/cucumber-java-1.2.5.jar:/Users/nijataliyev/.m2/repository/info/cukes/cucumber-core/1.2.5/cucumber-core-1.2.5.jar:/Users/nijataliyev/.m2/repository/org/yaml/snakeyaml/1.24/snakeyaml-1.24.jar:/Users/nijataliyev/.m2/repository/de/siegmar/fastcsv/1.0.3/fastcsv-1.0.3.jar:/Users/nijataliyev/.m2/repository/info/picocli/picocli/3.0.1/picocli-3.0.1.jar:/Users/nijataliyev/.m2/repository/org/apache/httpcomponents/httpclient/4.5.5/httpclient-4.5.5.jar:/Users/nijataliyev/.m2/repository/org/apache/httpcomponents/httpcore/4.4.9/httpcore-4.4.9.jar:/Users/nijataliyev/.m2/repository/commons-codec/commons-codec/1.10/commons-codec-1.10.jar:/Users/nijataliyev/.m2/repository/org/apache/httpcomponents/httpmime/4.5.5/httpmime-4.5.5.jar:/Users/nijataliyev/.m2/repository/org/slf4j/jcl-over-slf4j/1.7.25/jcl-over-slf4j-1.7.25.jar:/Users/nijataliyev/.m2/repository/org/slf4j/slf4j-api/1.7.25/slf4j-api-1.7.25.jar:/Users/nijataliyev/.m2/repository/ch/qos/logback/logback-classic/1.2.3/logback-classic-1.2.3.jar:/Users/nijataliyev/.m2/repository/ch/qos/logback/logback-core/1.2.3/logback-core-1.2.3.jar:/Users/nijataliyev/.m2/repository/com/intuit/karate/karate-junit4/0.9.4/karate-junit4-0.9.4.jar:/Users/nijataliyev/.m2/repository/junit/junit/4.12/junit-4.12.jar:/Users/nijataliyev/.m2/repository/org/hamcrest/hamcrest-core/1.3/hamcrest-core-1.3.jar:/Users/nijataliyev/.m2/repository/org/postgresql/postgresql/42.2.5/postgresql-42.2.5.jar:/Users/nijataliyev/.m2/repository/com/h2database/h2/1.4.196/h2-1.4.196.jar:/Users/nijataliyev/.m2/repository/net/masterthought/cucumber-reporting/5.0.1/cucumber-reporting-5.0.1.jar:/Users/nijataliyev/.m2/repository/com/fasterxml/jackson/core/jackson-databind/2.10.1/jackson-databind-2.10.1.jar:/Users/nijataliyev/.m2/repository/com/fasterxml/jackson/core/jackson-annotations/2.10.1/jackson-annotations-2.10.1.jar:/Users/nijataliyev/.m2/repository/com/fasterxml/jackson/core/jackson-core/2.10.1/jackson-core-2.10.1.jar:/Users/nijataliyev/.m2/repository/com/fasterxml/jackson/datatype/jackson-datatype-jsr310/2.10.1/jackson-datatype-jsr310-2.10.1.jar:/Users/nijataliyev/.m2/repository/org/apache/velocity/velocity-engine-core/2.1/velocity-engine-core-2.1.jar:/Users/nijataliyev/.m2/repository/commons-collections/commons-collections/3.2.2/commons-collections-3.2.2.jar:/Users/nijataliyev/.m2/repository/joda-time/joda-time/2.10.2/joda-time-2.10.2.jar:/Users/nijataliyev/.m2/repository/org/apache/commons/commons-lang3/3.9/commons-lang3-3.9.jar:/Users/nijataliyev/.m2/repository/commons-io/commons-io/2.6/commons-io-2.6.jar:/Users/nijataliyev/.m2/repository/org/codehaus/plexus/plexus-utils/3.2.0/plexus-utils-3.2.0.jar:/Users/nijataliyev/.m2/repository/org/jsoup/jsoup/1.12.1/jsoup-1.12.1.jar:/Users/nijataliyev/.m2/repository/com/googlecode/owasp-java-html-sanitizer/owasp-java-html-sanitizer/20190610.1/owasp-java-html-sanitizer-20190610.1.jar:/Users/nijataliyev/.m2/repository/com/google/guava/guava/27.1-jre/guava-27.1-jre.jar:/Users/nijataliyev/.m2/repository/com/google/guava/failureaccess/1.0.1/failureaccess-1.0.1.jar:/Users/nijataliyev/.m2/repository/com/google/guava/listenablefuture/9999.0-empty-to-avoid-conflict-with-guava/listenablefuture-9999.0-empty-to-avoid-conflict-with-guava.jar:/Users/nijataliyev/.m2/repository/com/google/code/findbugs/jsr305/3.0.2/jsr305-3.0.2.jar:/Users/nijataliyev/.m2/repository/org/checkerframework/checker-qual/2.5.2/checker-qual-2.5.2.jar:/Users/nijataliyev/.m2/repository/com/google/errorprone/error_prone_annotations/2.2.0/error_prone_annotations-2.2.0.jar:/Users/nijataliyev/.m2/repository/com/google/j2objc/j2objc-annotations/1.1/j2objc-annotations-1.1.jar:/Users/nijataliyev/.m2/repository/org/codehaus/mojo/animal-sniffer-annotations/1.17/animal-sniffer-annotations-1.17.jar:/Users/nijataliyev/.m2/repository/commons-configuration/commons-configuration/1.10/commons-configuration-1.10.jar:/Users/nijataliyev/.m2/repository/commons-lang/commons-lang/2.6/commons-lang-2.6.jar:/Users/nijataliyev/.m2/repository/commons-logging/commons-logging/1.1.1/commons-logging-1.1.1.jar:"/>
    <property name="sun.cpu.endian" value="little"/>
    <property name="user.home" value="/Users/nijataliyev"/>
    <property name="user.language" value="en"/>
    <property name="java.specification.vendor" value="Oracle Corporation"/>
    <property name="java.home" value="/Library/Java/JavaVirtualMachines/jdk1.8.0_181.jdk/Contents/Home/jre"/>
    <property name="basedir" value="/Users/nijataliyev/eclipse-workspace/karate-api-testing"/>
    <property name="file.separator" value="/"/>
    <property name="line.separator" value="&#10;"/>
    <property name="java.vm.specification.vendor" value="Oracle Corporation"/>
    <property name="java.specification.name" value="Java Platform API Specification"/>
    <property name="java.awt.graphicsenv" value="sun.awt.CGraphicsEnvironment"/>
    <property name="karate.options" value="--tags @tag1"/>
    <property name="surefire.real.class.path" value="/Users/nijataliyev/eclipse-workspace/karate-api-testing/target/surefire/surefirebooter8218299982370404489.jar"/>
    <property name="sun.boot.class.path" value="/Library/Java/JavaVirtualMachines/jdk1.8.0_181.jdk/Contents/Home/jre/lib/resources.jar:/Library/Java/JavaVirtualMachines/jdk1.8.0_181.jdk/Contents/Home/jre/lib/rt.jar:/Library/Java/JavaVirtualMachines/jdk1.8.0_181.jdk/Contents/Home/jre/lib/sunrsasign.jar:/Library/Java/JavaVirtualMachines/jdk1.8.0_181.jdk/Contents/Home/jre/lib/jsse.jar:/Library/Java/JavaVirtualMachines/jdk1.8.0_181.jdk/Contents/Home/jre/lib/jce.jar:/Library/Java/JavaVirtualMachines/jdk1.8.0_181.jdk/Contents/Home/jre/lib/charsets.jar:/Library/Java/JavaVirtualMachines/jdk1.8.0_181.jdk/Contents/Home/jre/lib/jfr.jar:/Library/Java/JavaVirtualMachines/jdk1.8.0_181.jdk/Contents/Home/jre/classes"/>
    <property name="sun.management.compiler" value="HotSpot 64-Bit Tiered Compilers"/>
    <property name="ftp.nonProxyHosts" value="local|*.local|169.254/16|*.169.254/16"/>
    <property name="java.runtime.version" value="1.8.0_181-b13"/>
    <property name="user.name" value="nijataliyev"/>
    <property name="path.separator" value=":"/>
    <property name="os.version" value="10.14.6"/>
    <property name="java.endorsed.dirs" value="/Library/Java/JavaVirtualMachines/jdk1.8.0_181.jdk/Contents/Home/jre/lib/endorsed"/>
    <property name="java.runtime.name" value="Java(TM) SE Runtime Environment"/>
    <property name="file.encoding" value="UTF-8"/>
    <property name="java.vm.name" value="Java HotSpot(TM) 64-Bit Server VM"/>
    <property name="localRepository" value="/Users/nijataliyev/.m2/repository"/>
    <property name="java.vendor.url.bug" value="http://bugreport.sun.com/bugreport/"/>
    <property name="java.io.tmpdir" value="/var/folders/xw/v5z1hhqn4vvbkchhc543z2bm0000gn/T/"/>
    <property name="java.version" value="1.8.0_181"/>
    <property name="user.dir" value="/Users/nijataliyev/eclipse-workspace/karate-api-testing"/>
    <property name="os.arch" value="x86_64"/>
    <property name="java.vm.specification.name" value="Java Virtual Machine Specification"/>
    <property name="java.awt.printerjob" value="sun.lwawt.macosx.CPrinterJob"/>
    <property name="sun.os.patch.level" value="unknown"/>
    <property name="baseUrl" value=""/>
    <property name="java.library.path" value="/Users/nijataliyev/Library/Java/Extensions:/Library/Java/Extensions:/Network/Library/Java/Extensions:/System/Library/Java/Extensions:/usr/lib/java:."/>
    <property name="java.vm.info" value="mixed mode"/>
    <property name="java.vendor" value="Oracle Corporation"/>
    <property name="java.vm.version" value="25.181-b13"/>
    <property name="java.ext.dirs" value="/Users/nijataliyev/Library/Java/Extensions:/Library/Java/JavaVirtualMachines/jdk1.8.0_181.jdk/Contents/Home/jre/lib/ext:/Library/Java/Extensions:/Network/Library/Java/Extensions:/System/Library/Java/Extensions:/usr/lib/java"/>
    <property name="sun.io.unicode.encoding" value="UnicodeBig"/>
    <property name="java.class.version" value="52.0"/>
    <property name="socksNonProxyHosts" value="local|*.local|169.254/16|*.169.254/16"/>
  </properties>
  <testcase name="testParallel" classname="api.TestParallel" time="2.408"/>
</testsuite>